<?xml version="1.0" encoding="UTF-8"?>
<!-- Generated by org.testng.reporters.JUnitReportReporter -->
<testsuite skipped="0" hostname="MinhPB-SEL" name="RestApiTestng.RestApiTestng.TC_Get_Request" tests="1" failures="0" timestamp="10 Sep 2020 01:43:49 GMT" time="1.339" errors="0">
  <testcase name="getWeatherDetail" time="1.339" classname="RestApiTestng.RestApiTestng.TC_Get_Request"/>
</testsuite> <!-- RestApiTestng.RestApiTestng.TC_Get_Request -->
