<?xml version="1.0" encoding="UTF-8"?>
<!-- Generated by org.testng.reporters.JUnitReportReporter -->
<testsuite skipped="0" hostname="DESKTOP-22PN1U9" name="RestApiTestng.RestApiTestng.TC_Get_Request" tests="1" failures="0" timestamp="13 Sep 2020 15:17:41 GMT" time="2.431" errors="0">
  <testcase name="getWeatherDetail" time="2.431" classname="RestApiTestng.RestApiTestng.TC_Get_Request"/>
</testsuite> <!-- RestApiTestng.RestApiTestng.TC_Get_Request -->
